This file contains any messages produced by compilers while
running configure, to aid debugging if configure makes a mistake.

configure:713: checking host system type
configure:735: checking host specific optimization flag
configure:751: checking for gcc
configure:864: checking whether the C compiler (gcc  ) works
configure:880: gcc -o conftest    conftest.c  1>&5
configure:906: checking whether the C compiler (gcc  ) is a cross-compiler
configure:911: checking whether we are using GNU C
configure:939: checking whether gcc accepts -g
configure:971: checking how to run the C preprocessor
configure:1063: checking for a BSD compatible install
configure:1118: checking for rm
configure:1153: checking for ar
configure:1188: checking for ranlib
configure:1216: checking for Cygwin environment
configure:1249: checking for mingw32 environment
configure:1280: checking for executable suffix
configure:1318: checking for ANSI C header files
configure:1425: checking for unistd.h
configure:1435: gcc -E  conftest.c >/dev/null 2>conftest.out
configure:1463: checking whether byte ordering is bigendian
configure:1481: gcc -c -g -O2  conftest.c 1>&5
configure:1496: gcc -c -g -O2  conftest.c 1>&5
configure: In function 'main':
configure:1491:2: error: unknown type name 'not'
configure:1491:10: error: expected '=', ',', ';', 'asm' or '__attribute__' before 'endian'
configure: failed program was:
#line 1485 "configure"
#include "confdefs.h"
#include <sys/types.h>
#include <sys/param.h>
int main() {

#if BYTE_ORDER != BIG_ENDIAN
 not big endian
#endif
; return 0; }
configure:1553: checking for working const
configure:1628: checking for socklen_t
configure:1639: gcc -c -g -O2  conftest.c 1>&5
configure:1655: checking for gethostbyname
configure:1750: checking for connect
configure:1877: checking for strcasecmp
configure:1905: gcc -o conftest -g -O2   conftest.c  1>&5
configure:1889:6: warning: conflicting types for built-in function 'strcasecmp' [enabled by default]
configure:1932: checking for sleep
configure:1960: gcc -o conftest -g -O2   conftest.c  1>&5
configure:1998: checking for alsa/asoundlib.h
configure:2008: gcc -E  conftest.c >/dev/null 2>conftest.out
configure:2082: checking for sys/soundcard.h
configure:2092: gcc -E  conftest.c >/dev/null 2>conftest.out
configure:2169: checking for esd.h
configure:2179: gcc -E  conftest.c >/dev/null 2>conftest.out
configure:2175:17: fatal error: esd.h: No such file or directory
compilation terminated.
configure: failed program was:
#line 2174 "configure"
#include "confdefs.h"
#include <esd.h>
configure:2210: checking for pa_simple_new in -lpulse-simple
configure:2229: gcc -o conftest -g -O2   conftest.c -lpulse-simple   1>&5
/usr/bin/ld: cannot find -lpulse-simple
collect2: ld returned 1 exit status
configure: failed program was:
#line 2218 "configure"
#include "confdefs.h"
/* Override any gcc2 internal prototype to avoid an error.  */
/* We use char because int might match the return type of a gcc2
    builtin and then its argument prototype would still apply.  */
char pa_simple_new();

int main() {
pa_simple_new()
; return 0; }
configure:2958: checking for DatLink/NetAudio support
configure:2972: gcc -E  -Iauto/include conftest.c >/dev/null 2>conftest.out
configure:2968:22: fatal error: netaudio.h: No such file or directory
compilation terminated.
configure: failed program was:
#line 2967 "configure"
#include "confdefs.h"
#include <netaudio.h>
configure:2998: checking for deflate in -lz
configure:3017: gcc -o conftest -g -O2   conftest.c -lz   1>&5
/usr/bin/ld: cannot find -lz
collect2: ld returned 1 exit status
configure: failed program was:
#line 3006 "configure"
#include "confdefs.h"
/* Override any gcc2 internal prototype to avoid an error.  */
/* We use char because int might match the return type of a gcc2
    builtin and then its argument prototype would still apply.  */
char deflate();

int main() {
deflate()
; return 0; }
configure:3091: checking for gzip
configure:3138: checking for sf_open in -lsndfile
configure:3157: gcc -o conftest -g -O2   conftest.c -lsndfile   1>&5
/usr/bin/ld: cannot find -lsndfile
collect2: ld returned 1 exit status
configure: failed program was:
#line 3146 "configure"
#include "confdefs.h"
/* Override any gcc2 internal prototype to avoid an error.  */
/* We use char because int might match the return type of a gcc2
    builtin and then its argument prototype would still apply.  */
char sf_open();

int main() {
sf_open()
; return 0; }
configure:3228: checking for sf_open_read in -lsndfile
configure:3247: gcc -o conftest -g -O2   conftest.c -lsndfile   1>&5
/usr/bin/ld: cannot find -lsndfile
collect2: ld returned 1 exit status
configure: failed program was:
#line 3236 "configure"
#include "confdefs.h"
/* Override any gcc2 internal prototype to avoid an error.  */
/* We use char because int might match the return type of a gcc2
    builtin and then its argument prototype would still apply.  */
char sf_open_read();

int main() {
sf_open_read()
; return 0; }
